<?xml version="1.0" encoding="UTF-8"?>
<!-- Generated by org.testng.reporters.JUnitReportReporter -->
<testsuite hostname="LAPTOP-NJPBGQ91" failures="0" tests="1" name="Testcases.T007_searchOptionsValidation" time="48.083" errors="0" timestamp="2020-12-20T11:26:54 PST" skipped="0">
  <testcase classname="Testcases.T007_searchOptionsValidation" name="searchPageValidation" time="48.083"/>
  <system-out/>
</testsuite> <!-- Testcases.T007_searchOptionsValidation -->
