<?xml version="1.0" encoding="UTF-8"?>
<!-- Generated by org.testng.reporters.JUnitReportReporter -->
<testsuite hostname="LAPTOP-NJPBGQ91" failures="0" tests="1" name="Utilities.T001_homePageKeys" time="16.319" errors="0" timestamp="2020-12-10T04:36:19 PST" skipped="0">
  <testcase classname="Utilities.T001_homePageKeys" name="openUrl" time="16.319"/>
</testsuite> <!-- Utilities.T001_homePageKeys -->
