<?xml version="1.0" encoding="UTF-8"?>
<!-- Generated by org.testng.reporters.JUnitReportReporter -->
<testsuite hostname="LAPTOP-NJPBGQ91" failures="0" tests="1" name="Testcases.T006_purchaseMicesValidation" time="51.485" errors="0" timestamp="2020-12-20T11:26:54 PST" skipped="0">
  <testcase classname="Testcases.T006_purchaseMicesValidation" name="micesPageValidation" time="51.485"/>
  <system-out/>
</testsuite> <!-- Testcases.T006_purchaseMicesValidation -->
