<?xml version="1.0" encoding="UTF-8"?>
<!-- Generated by org.testng.reporters.JUnitReportReporter -->
<testsuite hostname="LAPTOP-NJPBGQ91" failures="0" tests="1" name="Testcases.T001_homePageValidation" time="20.041" errors="0" timestamp="2020-12-18T08:51:15 PST" skipped="0">
  <testcase classname="Testcases.T001_homePageValidation" name="homePageValidation" time="20.041"/>
  <system-out/>
</testsuite> <!-- Testcases.T001_homePageValidation -->
