<?xml version="1.0" encoding="UTF-8"?>
<!-- Generated by org.testng.reporters.JUnitReportReporter -->
<testsuite hostname="LAPTOP-NJPBGQ91" failures="0" tests="1" name="Testcases.T005_purchaseHeadphonesValidation" time="53.482" errors="0" timestamp="2020-12-11T01:57:06 PST" skipped="0">
  <testcase classname="Testcases.T005_purchaseHeadphonesValidation" name="headphonesPageValidation" time="53.482"/>
</testsuite> <!-- Testcases.T005_purchaseHeadphonesValidation -->
