<?xml version="1.0" encoding="UTF-8"?>
<!-- Generated by org.testng.reporters.JUnitReportReporter -->
<testsuite hostname="LAPTOP-NJPBGQ91" failures="0" tests="1" name="Testcases.T002_loginPageValidation" time="22.147" errors="0" timestamp="2020-12-18T08:51:15 PST" skipped="0">
  <testcase classname="Testcases.T002_loginPageValidation" name="loginPageValidation" time="22.147"/>
  <system-out/>
</testsuite> <!-- Testcases.T002_loginPageValidation -->
