<?xml version="1.0" encoding="UTF-8"?>
<!-- Generated by org.testng.reporters.JUnitReportReporter -->
<testsuite hostname="LAPTOP-NJPBGQ91" failures="0" tests="1" name="Testcases.T003_PurchaseSpeakersValidation" time="56.630" errors="0" timestamp="2020-12-11T01:57:06 PST" skipped="0">
  <testcase classname="Testcases.T003_PurchaseSpeakersValidation" name="speakersPageValidation" time="56.630"/>
</testsuite> <!-- Testcases.T003_PurchaseSpeakersValidation -->
