<?xml version="1.0" encoding="UTF-8"?>
<!-- Generated by org.testng.reporters.JUnitReportReporter -->
<testsuite hostname="LAPTOP-NJPBGQ91" failures="0" tests="1" name="Testcases.T003_PurchaseSpeakersValidation" time="54.759" errors="0" timestamp="2020-12-16T19:49:08 PST" skipped="0">
  <testcase classname="Testcases.T003_PurchaseSpeakersValidation" name="speakersPageValidation" time="54.759"/>
</testsuite> <!-- Testcases.T003_PurchaseSpeakersValidation -->
