<?xml version="1.0" encoding="UTF-8"?>
<!-- Generated by org.testng.reporters.JUnitReportReporter -->
<testsuite hostname="LAPTOP-NJPBGQ91" failures="0" tests="1" name="Utilities.T003_purchaseSpeakersKeys" time="62.746" errors="0" timestamp="2020-12-10T06:22:56 PST" skipped="0">
  <testcase classname="Utilities.T003_purchaseSpeakersKeys" name="openUrl" time="62.746"/>
</testsuite> <!-- Utilities.T003_purchaseSpeakersKeys -->
