<?xml version="1.0" encoding="UTF-8"?>
<!-- Generated by org.testng.reporters.JUnitReportReporter -->
<testsuite hostname="LAPTOP-NJPBGQ91" failures="0" tests="1" name="Utilities.T004_purchaseTabletsKeys" time="54.674" errors="0" timestamp="2020-12-10T16:38:28 PST" skipped="0">
  <testcase classname="Utilities.T004_purchaseTabletsKeys" name="openUrl" time="54.674"/>
</testsuite> <!-- Utilities.T004_purchaseTabletsKeys -->
