<?xml version="1.0" encoding="UTF-8"?>
<!-- Generated by org.testng.reporters.JUnitReportReporter -->
<testsuite hostname="LAPTOP-NJPBGQ91" failures="0" tests="1" name="Testcases.T002_loginPageValidation" time="26.085" errors="0" timestamp="2020-12-11T01:57:06 PST" skipped="0">
  <testcase classname="Testcases.T002_loginPageValidation" name="loginPageValidation" time="26.085"/>
</testsuite> <!-- Testcases.T002_loginPageValidation -->
