<?xml version="1.0" encoding="UTF-8"?>
<!-- Generated by org.testng.reporters.JUnitReportReporter -->
<testsuite hostname="LAPTOP-NJPBGQ91" failures="0" tests="1" name="Testcases.T004_purchaseTabletsValidation" time="54.822" errors="0" timestamp="2020-12-20T11:26:54 PST" skipped="0">
  <testcase classname="Testcases.T004_purchaseTabletsValidation" name="tabletsPageValidation" time="54.822"/>
  <system-out/>
</testsuite> <!-- Testcases.T004_purchaseTabletsValidation -->
