<?xml version="1.0" encoding="UTF-8"?>
<!-- Generated by org.testng.reporters.JUnitReportReporter -->
<testsuite hostname="LAPTOP-NJPBGQ91" failures="0" tests="1" name="Utilities.T002_loginPageKeys" time="22.629" errors="0" timestamp="2020-12-10T04:34:38 PST" skipped="0">
  <testcase classname="Utilities.T002_loginPageKeys" name="openUrl" time="22.629"/>
</testsuite> <!-- Utilities.T002_loginPageKeys -->
