<?xml version="1.0" encoding="UTF-8"?>
<!-- Generated by org.testng.reporters.JUnitReportReporter -->
<testsuite hostname="LAPTOP-NJPBGQ91" failures="0" tests="1" name="Testcases.T004_purchaseTabletsValidation" time="53.924" errors="0" timestamp="2020-12-20T16:46:33 PST" skipped="0">
  <testcase classname="Testcases.T004_purchaseTabletsValidation" name="tabletsPageValidation" time="53.924"/>
  <system-out/>
</testsuite> <!-- Testcases.T004_purchaseTabletsValidation -->
