<?xml version="1.0" encoding="UTF-8"?>
<!-- Generated by org.testng.reporters.JUnitReportReporter -->
<testsuite hostname="LAPTOP-NJPBGQ91" failures="0" tests="1" name="Utilities.T007_searchOptionKeys" time="48.729" errors="0" timestamp="2020-12-10T23:41:16 PST" skipped="0">
  <testcase classname="Utilities.T007_searchOptionKeys" name="openUrl" time="48.729"/>
</testsuite> <!-- Utilities.T007_searchOptionKeys -->
