<?xml version="1.0" encoding="UTF-8"?>
<!-- Generated by org.testng.reporters.JUnitReportReporter -->
<testsuite hostname="LAPTOP-NJPBGQ91" failures="0" tests="1" name="Utilities.T006_purchaseMiceKeys" time="56.992" errors="0" timestamp="2020-12-10T22:53:45 PST" skipped="0">
  <testcase classname="Utilities.T006_purchaseMiceKeys" name="openUrl" time="56.992"/>
</testsuite> <!-- Utilities.T006_purchaseMiceKeys -->
