<?xml version="1.0" encoding="UTF-8"?>
<!-- Generated by org.testng.reporters.JUnitReportReporter -->
<testsuite hostname="LAPTOP-NJPBGQ91" failures="0" tests="1" name="Utilities.T001_homePageKeys" time="12.224" errors="0" timestamp="2020-12-18T08:56:40 PST" skipped="0">
  <testcase classname="Utilities.T001_homePageKeys" name="openUrl" time="12.224"/>
  <system-out/>
</testsuite> <!-- Utilities.T001_homePageKeys -->
