<?xml version="1.0" encoding="UTF-8"?>
<!-- Generated by org.testng.reporters.JUnitReportReporter -->
<testsuite hostname="LAPTOP-NJPBGQ91" failures="0" tests="1" name="Testcases.T001_homePageValidation" time="16.810" errors="0" timestamp="2020-12-11T02:11:55 PST" skipped="0">
  <testcase classname="Testcases.T001_homePageValidation" name="homePageValidation" time="16.810"/>
</testsuite> <!-- Testcases.T001_homePageValidation -->
