<?xml version="1.0" encoding="UTF-8"?>
<!-- Generated by org.testng.reporters.JUnitReportReporter -->
<testsuite hostname="LAPTOP-NJPBGQ91" failures="0" tests="1" name="Utilities.T005_purchaseHeadphonesKeys" time="54.573" errors="0" timestamp="2020-12-10T22:27:20 PST" skipped="0">
  <testcase classname="Utilities.T005_purchaseHeadphonesKeys" name="openUrl" time="54.573"/>
</testsuite> <!-- Utilities.T005_purchaseHeadphonesKeys -->
